<?xml version="1.0" encoding="UTF-8"?>
<testsuite xmlns:xsi="http://www.w3.org/2001/XMLSchema-instance" xsi:noNamespaceSchemaLocation="https://maven.apache.org/surefire/maven-surefire-plugin/xsd/surefire-test-report-3.0.xsd" version="3.0" name="com.redhat.quarkus.service.AccessLogServiceTest" time="28.142" tests="1" errors="0" skipped="0" failures="0">
  <properties>
[...]
</properties>
  <testcase name="testProcessLobbyEvent" classname="com.redhat.quarkus.service.AccessLogServiceTest" time="4.943">
    <system-out><![CDATA[16:36:32 INFO  traceId=, parentId=, spanId=, sampled= [io.qu.sm.de.processor] (build-7) Generating Jackson deserializer for type com.redhat.quarkus.model.AccessLog
 16:36:32 INFO  traceId=, parentId=, spanId=, sampled= [io.qu.sm.de.processor] (build-7) Generating Jackson serializer for type com.redhat.quarkus.model.MoveLog
 16:36:32 INFO  traceId=, parentId=, spanId=, sampled= [or.te.do.DockerClientProviderStrategy] (build-27) Found Docker environment with Docker accessed via Unix socket (/Users/gabrielerom/.docker/run/docker.sock)
 16:36:32 INFO  traceId=, parentId=, spanId=, sampled= [or.te.DockerClientFactory] (build-27) Docker host IP address is localhost
 16:36:32 INFO  traceId=, parentId=, spanId=, sampled= [or.te.DockerClientFactory] (build-27) Connected to docker: 
  Server Version: 24.0.6
  API Version: 1.43
  Operating System: Docker Desktop
  Total Memory: 7955 MB
 16:36:32 INFO  traceId=, parentId=, spanId=, sampled= [or.te.ut.ImageNameSubstitutor] (build-27) Image name substitution will be performed by: DefaultImageNameSubstitutor (composite of 'ConfigurationFileImageNameSubstitutor' and 'PrefixingImageNameSubstitutor')
 16:36:32 INFO  traceId=, parentId=, spanId=, sampled= [or.te.DockerClientFactory] (build-27) Checking the system...
 16:36:32 INFO  traceId=, parentId=, spanId=, sampled= [or.te.DockerClientFactory] (build-27) ✔︎ Docker server version should be at least 1.6.0
 16:36:32 INFO  traceId=, parentId=, spanId=, sampled= [tc.do.io.3.4] (build-27) Pulling docker image: docker.io/vectorized/redpanda:v22.3.4. Please be patient; this may take some time but only needs to be done once.
 16:36:32 INFO  traceId=, parentId=, spanId=, sampled= [or.te.ut.RegistryAuthLocator] (build-27) Failure when attempting to lookup auth config. Please ignore if you don't have images in an authenticated registry. Details: (dockerImageName: docker.io/vectorized/redpanda:latest, configFile: /Users/gabrielerom/.docker/config.json, configEnv: DOCKER_AUTH_CONFIG). Falling back to docker-java default behaviour. Exception message: Could not execute [docker-credential-desktop, get]. Error=2, No such file or directory
 16:36:35 INFO  traceId=, parentId=, spanId=, sampled= [tc.do.io.3.4] (docker-java-stream--111821119) Starting to pull image
 16:36:35 INFO  traceId=, parentId=, spanId=, sampled= [tc.do.io.3.4] (docker-java-stream--111821119) Pulling image layers:  0 pending,  0 downloaded,  0 extracted, (0 bytes/0 bytes)
 16:36:36 INFO  traceId=, parentId=, spanId=, sampled= [tc.do.io.3.4] (docker-java-stream--111821119) Pulling image layers:  6 pending,  1 downloaded,  0 extracted, (38 KB/? MB)
 16:36:36 INFO  traceId=, parentId=, spanId=, sampled= [tc.do.io.3.4] (docker-java-stream--111821119) Pulling image layers:  5 pending,  2 downloaded,  0 extracted, (3 MB/? MB)
 16:36:37 INFO  traceId=, parentId=, spanId=, sampled= [tc.do.io.3.4] (docker-java-stream--111821119) Pulling image layers:  4 pending,  3 downloaded,  0 extracted, (13 MB/? MB)
 16:36:37 INFO  traceId=, parentId=, spanId=, sampled= [tc.do.io.3.4] (docker-java-stream--111821119) Pulling image layers:  3 pending,  4 downloaded,  0 extracted, (31 MB/? MB)
 16:36:39 INFO  traceId=, parentId=, spanId=, sampled= [tc.do.io.3.4] (docker-java-stream--111821119) Pulling image layers:  2 pending,  5 downloaded,  0 extracted, (84 MB/? MB)
 16:36:39 INFO  traceId=, parentId=, spanId=, sampled= [tc.do.io.3.4] (docker-java-stream--111821119) Pulling image layers:  1 pending,  6 downloaded,  0 extracted, (127 MB/? MB)
 16:36:40 INFO  traceId=, parentId=, spanId=, sampled= [tc.do.io.3.4] (docker-java-stream--111821119) Pulling image layers:  0 pending,  7 downloaded,  0 extracted, (127 MB/133 MB)
 16:36:40 INFO  traceId=, parentId=, spanId=, sampled= [tc.do.io.3.4] (docker-java-stream--111821119) Pulling image layers:  0 pending,  7 downloaded,  1 extracted, (128 MB/133 MB)
 16:36:40 INFO  traceId=, parentId=, spanId=, sampled= [tc.do.io.3.4] (docker-java-stream--111821119) Pulling image layers:  0 pending,  7 downloaded,  2 extracted, (130 MB/133 MB)
 16:36:40 INFO  traceId=, parentId=, spanId=, sampled= [tc.do.io.3.4] (docker-java-stream--111821119) Pulling image layers:  0 pending,  7 downloaded,  3 extracted, (130 MB/133 MB)
 16:36:40 INFO  traceId=, parentId=, spanId=, sampled= [tc.do.io.3.4] (docker-java-stream--111821119) Pulling image layers:  0 pending,  7 downloaded,  4 extracted, (130 MB/133 MB)
 16:36:41 INFO  traceId=, parentId=, spanId=, sampled= [tc.do.io.3.4] (docker-java-stream--111821119) Pulling image layers:  0 pending,  7 downloaded,  5 extracted, (131 MB/133 MB)
 16:36:42 INFO  traceId=, parentId=, spanId=, sampled= [tc.do.io.3.4] (docker-java-stream--111821119) Pulling image layers:  0 pending,  7 downloaded,  6 extracted, (132 MB/133 MB)
 16:36:43 INFO  traceId=, parentId=, spanId=, sampled= [tc.do.io.3.4] (docker-java-stream--111821119) Pulling image layers:  0 pending,  7 downloaded,  7 extracted, (133 MB/133 MB)
 16:36:43 INFO  traceId=, parentId=, spanId=, sampled= [tc.do.io.3.4] (docker-java-stream--111821119) Pull complete. 7 layers, pulled in 7s (downloaded 133 MB at 19 MB/s)
 16:36:43 INFO  traceId=, parentId=, spanId=, sampled= [tc.do.io.3.4] (build-27) Creating container for image: docker.io/vectorized/redpanda:v22.3.4
 16:36:43 INFO  traceId=, parentId=, spanId=, sampled= [tc.te.5.1] (build-27) Pulling docker image: testcontainers/ryuk:0.5.1. Please be patient; this may take some time but only needs to be done once.
 16:36:43 INFO  traceId=, parentId=, spanId=, sampled= [or.te.ut.RegistryAuthLocator] (build-27) Failure when attempting to lookup auth config. Please ignore if you don't have images in an authenticated registry. Details: (dockerImageName: testcontainers/ryuk:latest, configFile: /Users/gabrielerom/.docker/config.json, configEnv: DOCKER_AUTH_CONFIG). Falling back to docker-java default behaviour. Exception message: Could not execute [docker-credential-desktop, get]. Error=2, No such file or directory
 16:36:44 INFO  traceId=, parentId=, spanId=, sampled= [tc.te.5.1] (docker-java-stream--1761815518) Starting to pull image
 16:36:44 INFO  traceId=, parentId=, spanId=, sampled= [tc.te.5.1] (docker-java-stream--1761815518) Pulling image layers:  0 pending,  0 downloaded,  0 extracted, (0 bytes/0 bytes)
 16:36:45 INFO  traceId=, parentId=, spanId=, sampled= [tc.te.5.1] (docker-java-stream--1761815518) Pulling image layers:  2 pending,  1 downloaded,  0 extracted, (333 KB/? MB)
 16:36:46 INFO  traceId=, parentId=, spanId=, sampled= [tc.te.5.1] (docker-java-stream--1761815518) Pulling image layers:  1 pending,  2 downloaded,  0 extracted, (4 MB/? MB)
 16:36:46 INFO  traceId=, parentId=, spanId=, sampled= [tc.te.5.1] (docker-java-stream--1761815518) Pulling image layers:  0 pending,  3 downloaded,  0 extracted, (4 MB/5 MB)
 16:36:46 INFO  traceId=, parentId=, spanId=, sampled= [tc.te.5.1] (docker-java-stream--1761815518) Pulling image layers:  0 pending,  3 downloaded,  1 extracted, (5 MB/5 MB)
 16:36:46 INFO  traceId=, parentId=, spanId=, sampled= [tc.te.5.1] (docker-java-stream--1761815518) Pulling image layers:  0 pending,  3 downloaded,  2 extracted, (5 MB/5 MB)
 16:36:46 INFO  traceId=, parentId=, spanId=, sampled= [tc.te.5.1] (docker-java-stream--1761815518) Pulling image layers:  0 pending,  3 downloaded,  3 extracted, (5 MB/5 MB)
 16:36:46 INFO  traceId=, parentId=, spanId=, sampled= [tc.te.5.1] (docker-java-stream--1761815518) Pull complete. 3 layers, pulled in 1s (downloaded 5 MB at 5 MB/s)
 16:36:46 INFO  traceId=, parentId=, spanId=, sampled= [tc.te.5.1] (build-27) Creating container for image: testcontainers/ryuk:0.5.1
 16:36:47 INFO  traceId=, parentId=, spanId=, sampled= [tc.te.5.1] (build-27) Container testcontainers/ryuk:0.5.1 is starting: bee5c04d8d04c645881b2dae54053595b6d503f656c743cb38da577729c7233e
 16:36:47 INFO  traceId=, parentId=, spanId=, sampled= [tc.te.5.1] (build-27) Container testcontainers/ryuk:0.5.1 started in PT4.37917S
 16:36:47 INFO  traceId=, parentId=, spanId=, sampled= [tc.do.io.3.4] (build-27) Container docker.io/vectorized/redpanda:v22.3.4 is starting: 3c245561027346f294b33deebd4d11f34413436b786d9adf96b5ac82d079a4a2
 16:36:48 INFO  traceId=, parentId=, spanId=, sampled= [tc.do.io.3.4] (build-27) Container docker.io/vectorized/redpanda:v22.3.4 started in PT15.980103S
 16:36:48 INFO  traceId=, parentId=, spanId=, sampled= [io.qu.ka.cl.de.DevServicesKafkaProcessor] (build-27) Dev Services for Kafka started. Other Quarkus applications in dev mode will find the broker automatically. For Quarkus applications in production mode, you can connect to this by starting your application with -Dkafka.bootstrap.servers=OUTSIDE://localhost:55001
 16:36:48 INFO  traceId=, parentId=, spanId=, sampled= [or.ap.ka.cl.ad.AdminClientConfig] (build-27) AdminClientConfig values: 
	auto.include.jmx.reporter = true
	bootstrap.servers = [OUTSIDE://localhost:55001]
	client.dns.lookup = use_all_dns_ips
	client.id = kafka-devservices
	connections.max.idle.ms = 300000
	default.api.timeout.ms = 60000
	metadata.max.age.ms = 300000
	metric.reporters = []
	metrics.num.samples = 2
	metrics.recording.level = INFO
	metrics.sample.window.ms = 30000
	receive.buffer.bytes = 65536
	reconnect.backoff.max.ms = 1000
	reconnect.backoff.ms = 50
	request.timeout.ms = 30000
	retries = 2147483647
	retry.backoff.ms = 100
	sasl.client.callback.handler.class = null
	sasl.jaas.config = null
	sasl.kerberos.kinit.cmd = /usr/bin/kinit
	sasl.kerberos.min.time.before.relogin = 60000
	sasl.kerberos.service.name = null
	sasl.kerberos.ticket.renew.jitter = 0.05
	sasl.kerberos.ticket.renew.window.factor = 0.8
	sasl.login.callback.handler.class = null
	sasl.login.class = null
	sasl.login.connect.timeout.ms = null
	sasl.login.read.timeout.ms = null
	sasl.login.refresh.buffer.seconds = 300
	sasl.login.refresh.min.period.seconds = 60
	sasl.login.refresh.window.factor = 0.8
	sasl.login.refresh.window.jitter = 0.05
	sasl.login.retry.backoff.max.ms = 10000
	sasl.login.retry.backoff.ms = 100
	sasl.mechanism = GSSAPI
	sasl.oauthbearer.clock.skew.seconds = 30
	sasl.oauthbearer.expected.audience = null
	sasl.oauthbearer.expected.issuer = null
	sasl.oauthbearer.jwks.endpoint.refresh.ms = 3600000
	sasl.oauthbearer.jwks.endpoint.retry.backoff.max.ms = 10000
	sasl.oauthbearer.jwks.endpoint.retry.backoff.ms = 100
	sasl.oauthbearer.jwks.endpoint.url = null
	sasl.oauthbearer.scope.claim.name = scope
	sasl.oauthbearer.sub.claim.name = sub
	sasl.oauthbearer.token.endpoint.url = null
	security.protocol = PLAINTEXT
	security.providers = null
	send.buffer.bytes = 131072
	socket.connection.setup.timeout.max.ms = 30000
	socket.connection.setup.timeout.ms = 10000
	ssl.cipher.suites = null
	ssl.enabled.protocols = [TLSv1.2, TLSv1.3]
	ssl.endpoint.identification.algorithm = https
	ssl.engine.factory.class = null
	ssl.key.password = null
	ssl.keymanager.algorithm = SunX509
	ssl.keystore.certificate.chain = null
	ssl.keystore.key = null
	ssl.keystore.location = null
	ssl.keystore.password = null
	ssl.keystore.type = JKS
	ssl.protocol = TLSv1.3
	ssl.provider = null
	ssl.secure.random.implementation = null
	ssl.trustmanager.algorithm = PKIX
	ssl.truststore.certificates = null
	ssl.truststore.location = null
	ssl.truststore.password = null
	ssl.truststore.type = JKS

 16:36:48 INFO  traceId=, parentId=, spanId=, sampled= [or.ap.ka.co.ut.AppInfoParser] (build-27) Kafka version: 3.5.1
 16:36:48 INFO  traceId=, parentId=, spanId=, sampled= [or.ap.ka.co.ut.AppInfoParser] (build-27) Kafka commitId: 2c6fb6c54472e90a
 16:36:48 INFO  traceId=, parentId=, spanId=, sampled= [or.ap.ka.co.ut.AppInfoParser] (build-27) Kafka startTimeMs: 1696621008894
 16:36:49 INFO  traceId=, parentId=, spanId=, sampled= [io.qu.ka.cl.de.DevServicesKafkaProcessor] (build-27) Dev Services for Kafka broker contains following topics with partitions: {lobby=2, entrance=2}
 16:36:49 INFO  traceId=, parentId=, spanId=, sampled= [or.ap.ka.co.ut.AppInfoParser] (kafka-admin-client-thread | kafka-devservices) App info kafka.admin.client for kafka-devservices unregistered
 16:36:49 INFO  traceId=, parentId=, spanId=, sampled= [or.ap.ka.co.me.Metrics] (kafka-admin-client-thread | kafka-devservices) Metrics scheduler closed
 16:36:49 INFO  traceId=, parentId=, spanId=, sampled= [or.ap.ka.co.me.Metrics] (kafka-admin-client-thread | kafka-devservices) Closing reporter org.apache.kafka.common.metrics.JmxReporter
 16:36:49 INFO  traceId=, parentId=, spanId=, sampled= [or.ap.ka.co.me.Metrics] (kafka-admin-client-thread | kafka-devservices) Metrics reporters closed
 16:36:50 INFO  traceId=, parentId=, spanId=, sampled= [io.sm.re.me.kafka] (main) SRMSG18229: Configured topics for channel 'lobby': [lobby]
 16:36:50 INFO  traceId=, parentId=, spanId=, sampled= [io.sm.re.me.kafka] (main) SRMSG18214: Key deserializer omitted, using String as default
 16:36:51 INFO  traceId=, parentId=, spanId=, sampled= [io.sm.re.me.kafka] (smallrye-kafka-producer-thread-0) SRMSG18258: Kafka producer kafka-producer-entrance, connected to Kafka brokers 'OUTSIDE://localhost:55001', is configured to write records to 'entrance'
 16:36:51 INFO  traceId=, parentId=, spanId=, sampled= [io.sm.re.me.kafka] (smallrye-kafka-consumer-thread-0) SRMSG18257: Kafka consumer kafka-consumer-lobby, connected to Kafka brokers 'OUTSIDE://localhost:55001', belongs to the 'concierge-app' consumer group and is configured to poll records from [lobby]
 16:36:51 INFO  traceId=, parentId=, spanId=, sampled= [io.quarkus] (main) concierge-app 1.0.0-SNAPSHOT on JVM (powered by Quarkus 3.4.2) started in 20.525s. Listening on: http://localhost:8081
 16:36:51 INFO  traceId=, parentId=, spanId=, sampled= [io.quarkus] (main) Profile test activated. 
 16:36:51 INFO  traceId=, parentId=, spanId=, sampled= [io.quarkus] (main) Installed features: [cdi, kafka-client, micrometer, resteasy-reactive, smallrye-context-propagation, smallrye-openapi, smallrye-reactive-messaging, smallrye-reactive-messaging-kafka, swagger-ui, vertx]
 16:36:55 INFO  traceId=, parentId=, spanId=, sampled= [io.sm.re.me.kafka] (vert.x-eventloop-thread-0) SRMSG18256: Initialize record store for topic-partition 'lobby-0' at position -1.
 ]]></system-out>
  </testcase>
</testsuite>